<?xml version="1.0" encoding="UTF-8" ?>
<testsuite tests="3" failures="0" name="ibm.maven.plugins.ace.mojos.ValidateConfigurablePropertiesMojoUnitTest" time="0.093" errors="0" skipped="0">
  <properties>
[...]
</properties>
  <testcase classname="ibm.maven.plugins.ace.mojos.ValidateConfigurablePropertiesMojoUnitTest" name="getIndentationTest" time="0"/>
  <testcase classname="ibm.maven.plugins.ace.mojos.ValidateConfigurablePropertiesMojoUnitTest" name="getConfigurablePropertiesTest" time="0.091"/>
  <testcase classname="ibm.maven.plugins.ace.mojos.ValidateConfigurablePropertiesMojoUnitTest" name="getTraceFileParameterTest" time="0.002"/>
</testsuite>